Array
(
    [rating] => 4
    [text] => fdsfdsfdsfdsfsd
    [services] => Array
        (
            [0] => Dental Check-ups & Consultation
            [1] => Dental Fillings (Composite)
        )

    [anon] => 
)
Array
(
    [rating] => 4
    [text] => fdsfdsfdsfdsfsd
    [services] => Array
        (
            [0] => Dental Check-ups & Consultation
            [1] => Dental Fillings (Composite)
        )

    [anon] => 
)
Array
(
    [received_data] => Array
        (
            [rating] => 4
            [text] => fsdf
            [services] => Array
                (
                    [0] => Dental Check-ups & Consultation
                )

            [anon] => 
        )

    [session] => Array
        (
            [user_id] => 18
            [user_name] => Katen Ganan
            [user_role] => user
            [success_message] => Review updated successfully
        )

    [server] => Array
        (
            [MIBDIRS] => /xampp/php/extras/mibs
            [MYSQL_HOME] => \xampp\mysql\bin
            [OPENSSL_CONF] => /xampp/apache/bin/openssl.cnf
            [PHP_PEAR_SYSCONF_DIR] => \xampp\php
            [PHPRC] => \xampp\php
            [TMP] => \xampp\tmp
            [HTTP_HOST] => localhost
            [HTTP_CONNECTION] => keep-alive
            [CONTENT_LENGTH] => 88
            [HTTP_SEC_CH_UA_PLATFORM] => "Windows"
            [HTTP_X_REQUESTED_WITH] => XMLHttpRequest
            [HTTP_USER_AGENT] => Mozilla/5.0 (Windows NT 10.0; Win64; x64) AppleWebKit/537.36 (KHTML, like Gecko) Chrome/137.0.0.0 Safari/537.36 Edg/137.0.0.0
            [HTTP_ACCEPT] => application/json, text/javascript, */*; q=0.01
            [HTTP_SEC_CH_UA] => "Microsoft Edge";v="137", "Chromium";v="137", "Not/A)Brand";v="24"
            [CONTENT_TYPE] => application/json
            [HTTP_SEC_CH_UA_MOBILE] => ?0
            [HTTP_ORIGIN] => http://localhost
            [HTTP_SEC_FETCH_SITE] => same-origin
            [HTTP_SEC_FETCH_MODE] => cors
            [HTTP_SEC_FETCH_DEST] => empty
            [HTTP_REFERER] => http://localhost/isched/mybookings.php
            [HTTP_ACCEPT_ENCODING] => gzip, deflate, br, zstd
            [HTTP_ACCEPT_LANGUAGE] => en-US,en;q=0.9
            [HTTP_COOKIE] => PHPSESSID=t7gg7sfhod7s6bc670o2vhinsh
            [PATH] => D:\Program Files\Python312\Scripts\;D:\Program Files\Python312\;C:\Program Files\Common Files\Oracle\Java\javapath;C:\Program Files (x86)\Common Files\Oracle\Java\javapath;C:\Program Files\Microsoft\jdk-11.0.16.101-hotspot\bin;C:\Program Files (x86)\Common Files\Intel\Shared Libraries\redist\intel64\compiler;C:\WINDOWS\system32;C:\WINDOWS;C:\WINDOWS\System32\Wbem;C:\WINDOWS\System32\WindowsPowerShell\v1.0\;C:\WINDOWS\System32\OpenSSH\;C:\Program Files\dotnet\;C:\Program Files\Microsoft SQL Server\120\Tools\Binn\;C:\Program Files\Common Files\Autodesk Shared\;C:\Program Files\Microsoft SQL Server\150\Tools\Binn\;C:\Program Files\Microsoft SQL Server\Client SDK\ODBC\170\Tools\Binn\;D:\Program Files\Java\jdk-20\bin;D:\Program Files\Java\jre-1.8\bin;D:\xampp\php;C:\ProgramData\ComposerSetup\bin;f:\Program Files\Git\cmd;C:\WINDOWS\system32\config\systemprofile\AppData\Local\Microsoft\WindowsApps
            [SystemRoot] => C:\WINDOWS
            [COMSPEC] => C:\WINDOWS\system32\cmd.exe
            [PATHEXT] => .COM;.EXE;.BAT;.CMD;.VBS;.VBE;.JS;.JSE;.WSF;.WSH;.MSC;.PY;.PYW
            [WINDIR] => C:\WINDOWS
            [SERVER_SIGNATURE] => <address>Apache/2.4.58 (Win64) OpenSSL/3.1.3 PHP/8.2.12 Server at localhost Port 80</address>

            [SERVER_SOFTWARE] => Apache/2.4.58 (Win64) OpenSSL/3.1.3 PHP/8.2.12
            [SERVER_NAME] => localhost
            [SERVER_ADDR] => ::1
            [SERVER_PORT] => 80
            [REMOTE_ADDR] => ::1
            [DOCUMENT_ROOT] => F:/xampp/htdocs
            [REQUEST_SCHEME] => http
            [CONTEXT_PREFIX] => 
            [CONTEXT_DOCUMENT_ROOT] => F:/xampp/htdocs
            [SERVER_ADMIN] => postmaster@localhost
            [SCRIPT_FILENAME] => F:/xampp/htdocs/ISched/submit_review.php
            [REMOTE_PORT] => 54410
            [GATEWAY_INTERFACE] => CGI/1.1
            [SERVER_PROTOCOL] => HTTP/1.1
            [REQUEST_METHOD] => POST
            [QUERY_STRING] => 
            [REQUEST_URI] => /isched/submit_review.php
            [SCRIPT_NAME] => /isched/submit_review.php
            [PHP_SELF] => /isched/submit_review.php
            [REQUEST_TIME_FLOAT] => 1750289362.9922
            [REQUEST_TIME] => 1750289362
        )

)
Array
(
    [received_data] => Array
        (
            [rating] => 5
            [text] => ftfgyfgvghvgvghjv
            [services] => Array
                (
                    [0] => Dental Check-ups & Consultation
                    [1] => Dental Fillings (Composite)
                )

            [anon] => 1
        )

    [session] => Array
        (
            [user_id] => 18
            [user_name] => Katen Ganan
            [user_role] => user
            [success_message] => Review updated successfully
        )

    [server] => Array
        (
            [MIBDIRS] => /xampp/php/extras/mibs
            [MYSQL_HOME] => \xampp\mysql\bin
            [OPENSSL_CONF] => /xampp/apache/bin/openssl.cnf
            [PHP_PEAR_SYSCONF_DIR] => \xampp\php
            [PHPRC] => \xampp\php
            [TMP] => \xampp\tmp
            [HTTP_HOST] => localhost
            [HTTP_CONNECTION] => keep-alive
            [CONTENT_LENGTH] => 130
            [HTTP_SEC_CH_UA_PLATFORM] => "Windows"
            [HTTP_X_REQUESTED_WITH] => XMLHttpRequest
            [HTTP_USER_AGENT] => Mozilla/5.0 (Windows NT 10.0; Win64; x64) AppleWebKit/537.36 (KHTML, like Gecko) Chrome/137.0.0.0 Safari/537.36 Edg/137.0.0.0
            [HTTP_ACCEPT] => application/json, text/javascript, */*; q=0.01
            [HTTP_SEC_CH_UA] => "Microsoft Edge";v="137", "Chromium";v="137", "Not/A)Brand";v="24"
            [CONTENT_TYPE] => application/json
            [HTTP_SEC_CH_UA_MOBILE] => ?0
            [HTTP_ORIGIN] => http://localhost
            [HTTP_SEC_FETCH_SITE] => same-origin
            [HTTP_SEC_FETCH_MODE] => cors
            [HTTP_SEC_FETCH_DEST] => empty
            [HTTP_REFERER] => http://localhost/isched/mybookings.php
            [HTTP_ACCEPT_ENCODING] => gzip, deflate, br, zstd
            [HTTP_ACCEPT_LANGUAGE] => en-US,en;q=0.9
            [HTTP_COOKIE] => PHPSESSID=t7gg7sfhod7s6bc670o2vhinsh
            [PATH] => D:\Program Files\Python312\Scripts\;D:\Program Files\Python312\;C:\Program Files\Common Files\Oracle\Java\javapath;C:\Program Files (x86)\Common Files\Oracle\Java\javapath;C:\Program Files\Microsoft\jdk-11.0.16.101-hotspot\bin;C:\Program Files (x86)\Common Files\Intel\Shared Libraries\redist\intel64\compiler;C:\WINDOWS\system32;C:\WINDOWS;C:\WINDOWS\System32\Wbem;C:\WINDOWS\System32\WindowsPowerShell\v1.0\;C:\WINDOWS\System32\OpenSSH\;C:\Program Files\dotnet\;C:\Program Files\Microsoft SQL Server\120\Tools\Binn\;C:\Program Files\Common Files\Autodesk Shared\;C:\Program Files\Microsoft SQL Server\150\Tools\Binn\;C:\Program Files\Microsoft SQL Server\Client SDK\ODBC\170\Tools\Binn\;D:\Program Files\Java\jdk-20\bin;D:\Program Files\Java\jre-1.8\bin;D:\xampp\php;C:\ProgramData\ComposerSetup\bin;f:\Program Files\Git\cmd;C:\WINDOWS\system32\config\systemprofile\AppData\Local\Microsoft\WindowsApps
            [SystemRoot] => C:\WINDOWS
            [COMSPEC] => C:\WINDOWS\system32\cmd.exe
            [PATHEXT] => .COM;.EXE;.BAT;.CMD;.VBS;.VBE;.JS;.JSE;.WSF;.WSH;.MSC;.PY;.PYW
            [WINDIR] => C:\WINDOWS
            [SERVER_SIGNATURE] => <address>Apache/2.4.58 (Win64) OpenSSL/3.1.3 PHP/8.2.12 Server at localhost Port 80</address>

            [SERVER_SOFTWARE] => Apache/2.4.58 (Win64) OpenSSL/3.1.3 PHP/8.2.12
            [SERVER_NAME] => localhost
            [SERVER_ADDR] => ::1
            [SERVER_PORT] => 80
            [REMOTE_ADDR] => ::1
            [DOCUMENT_ROOT] => F:/xampp/htdocs
            [REQUEST_SCHEME] => http
            [CONTEXT_PREFIX] => 
            [CONTEXT_DOCUMENT_ROOT] => F:/xampp/htdocs
            [SERVER_ADMIN] => postmaster@localhost
            [SCRIPT_FILENAME] => F:/xampp/htdocs/ISched/submit_review.php
            [REMOTE_PORT] => 54487
            [GATEWAY_INTERFACE] => CGI/1.1
            [SERVER_PROTOCOL] => HTTP/1.1
            [REQUEST_METHOD] => POST
            [QUERY_STRING] => 
            [REQUEST_URI] => /isched/submit_review.php
            [SCRIPT_NAME] => /isched/submit_review.php
            [PHP_SELF] => /isched/submit_review.php
            [REQUEST_TIME_FLOAT] => 1750289405.9909
            [REQUEST_TIME] => 1750289405
        )

)
